<?xml version="1.0" encoding="UTF-8"?>
<!-- Generated by org.testng.reporters.JUnitReportReporter -->
<testsuite hostname="Questing" name="org.easyxml.xml.DocumentTest" tests="1" failures="0" timestamp="21 May 2015 12:58:28 GMT" time="0.178" errors="0">
  <testcase name="testDocument_createNewBasedOnExisting" time="0.178" classname="org.easyxml.xml.DocumentTest"/>
</testsuite> <!-- org.easyxml.xml.DocumentTest -->
