<?xml version="1.0" encoding="UTF-8"?>
<!-- Generated by org.testng.reporters.JUnitReportReporter -->
<testsuite hostname="Questing" name="org.easyxml.util.JsonTest" tests="1" failures="0" timestamp="21 May 2015 13:20:57 GMT" time="0.152" errors="0">
  <testcase name="testDocument_toJSON3" time="0.152" classname="org.easyxml.util.JsonTest"/>
</testsuite> <!-- org.easyxml.util.JsonTest -->
