<?xml version="1.0" encoding="UTF-8"?>
<!-- Generated by org.testng.reporters.JUnitReportReporter -->
<testsuite hostname="Questing" name="org.easyxml.xml.ElementTest" tests="28" failures="0" timestamp="21 May 2015 12:25:01 GMT" time="0.063" errors="0">
  <testcase name="testElement_setParent_LoopingParent" time="0.001" classname="org.easyxml.xml.ElementTest"/>
  <testcase name="testElement_addChildElementNormal" time="0.002" classname="org.easyxml.xml.ElementTest"/>
  <testcase name="testAttribute_Constructor_EmptyValue2" time="0.001" classname="org.easyxml.xml.ElementTest"/>
  <testcase name="testAttribute_Constructor_InvalidArgument" time="0.002" classname="org.easyxml.xml.ElementTest"/>
  <testcase name="testElement_toString" time="0.004" classname="org.easyxml.xml.ElementTest"/>
  <testcase name="testAttribute_ConstructorNormal" time="0.005" classname="org.easyxml.xml.ElementTest"/>
  <testcase name="testElement_addAttributeNormal" time="0.001" classname="org.easyxml.xml.ElementTest"/>
  <testcase name="testElement_Constructor_InvalidParameter" time="0.005" classname="org.easyxml.xml.ElementTest"/>
  <testcase name="testAttribute_toString_Normal" time="0.001" classname="org.easyxml.xml.ElementTest"/>
  <testcase name="testElement_appendValueWithFormat" time="0.001" classname="org.easyxml.xml.ElementTest"/>
  <testcase name="testElement_getLevel" time="0.001" classname="org.easyxml.xml.ElementTest"/>
  <testcase name="testElement_setParent_LoopingParent2" time="0.001" classname="org.easyxml.xml.ElementTest"/>
  <testcase name="testAttribute_Constructor_EmptyValue" time="0.002" classname="org.easyxml.xml.ElementTest"/>
  <testcase name="testElement_Constructor_InvalidParameter" time="0.002" classname="org.easyxml.xml.ElementTest"/>
  <testcase name="testElement_Constructor_Normal" time="0.006" classname="org.easyxml.xml.ElementTest"/>
  <testcase name="testElement_Constructor_InvalidParameter" time="0.001" classname="org.easyxml.xml.ElementTest"/>
  <testcase name="testElement_setGetValue" time="0.001" classname="org.easyxml.xml.ElementTest"/>
  <testcase name="testElement_containsElement" time="0.001" classname="org.easyxml.xml.ElementTest"/>
  <testcase name="testElement_Constructor_InvalidParameter" time="0.002" classname="org.easyxml.xml.ElementTest"/>
  <testcase name="testElement_Constructor_InvalidParameter" time="0.002" classname="org.easyxml.xml.ElementTest"/>
  <testcase name="testElement_isEmpty" time="0.000" classname="org.easyxml.xml.ElementTest"/>
  <testcase name="testElement_Constructor_InvalidParameter" time="0.004" classname="org.easyxml.xml.ElementTest"/>
  <testcase name="testAttribute_Constructor_InvalidArgument" time="0.002" classname="org.easyxml.xml.ElementTest"/>
  <testcase name="testElement_setValuesOf" time="0.006" classname="org.easyxml.xml.ElementTest"/>
  <testcase name="testAttribute_Constructor_InvalidArgument" time="0.005" classname="org.easyxml.xml.ElementTest"/>
  <testcase name="testElement_getValuesOf" time="0.001" classname="org.easyxml.xml.ElementTest"/>
  <testcase name="testElement_Constructor_InvalidParameter" time="0.001" classname="org.easyxml.xml.ElementTest"/>
  <testcase name="testElement_appendValue" time="0.002" classname="org.easyxml.xml.ElementTest"/>
</testsuite> <!-- org.easyxml.xml.ElementTest -->
