<?xml version="1.0" encoding="UTF-8"?>
<!-- Generated by org.testng.reporters.JUnitReportReporter -->
<testsuite hostname="Questing" name="org.easyxml.parser.ParserTest" tests="10" failures="0" timestamp="21 May 2015 12:25:01 GMT" time="0.287" errors="0">
  <testcase name="testDOMParser_parse" time="0.019" classname="org.easyxml.parser.ParserTest"/>
  <testcase name="testDOMParser_parse" time="0.179" classname="org.easyxml.parser.ParserTest"/>
  <testcase name="testDOMParser_extractInfo" time="0.006" classname="org.easyxml.parser.ParserTest"/>
  <testcase name="testEasySAXParser_parse" time="0.020" classname="org.easyxml.parser.ParserTest"/>
  <testcase name="testDOMParser_parse" time="0.005" classname="org.easyxml.parser.ParserTest"/>
  <testcase name="testEasySAXParser_parseWithDtd" time="0.022" classname="org.easyxml.parser.ParserTest"/>
  <testcase name="testDOMParser_parse" time="0.008" classname="org.easyxml.parser.ParserTest"/>
  <testcase name="testEasySAXParser_parse" time="0.012" classname="org.easyxml.parser.ParserTest"/>
  <testcase name="testEasySAXParser_parse" time="0.004" classname="org.easyxml.parser.ParserTest"/>
  <testcase name="testEasySAXParser_parse" time="0.012" classname="org.easyxml.parser.ParserTest"/>
</testsuite> <!-- org.easyxml.parser.ParserTest -->
